<?xml version="1.0" encoding="UTF-8"?>
<!-- Generated by org.testng.reporters.JUnitXMLReporter -->
<testsuite ignored="0" hostname="DESKTOP-9LDSGNB" failures="1" tests="2" name="FB Test" time="17.024" errors="0" timestamp="2020-02-23T12:58:31 EST">
  <testcase classname="myframework.Runner" name="f" time="0.253"/>
  <testcase classname="myframework.Runner" name="f" time="17.001">
    <failure type="java.lang.NullPointerException">
      <![CDATA[java.lang.NullPointerException
at myframework.PageSetup.ScreenShot(PageSetup.java:67)
at myframework.Listener.onTestSuccess(Listener.java:13)
at java.base/java.util.ArrayList.forEach(ArrayList.java:1507)
... Removed 24 stack frames]]>
    </failure>
  </testcase> <!-- f -->
</testsuite> <!-- FB Test -->
